{"level":"info","message":"Notification created","notification":{"deliveryVia":"EMAIL","event":"NewEmail11","metadata":{"content":"This is an email notification content.","email":"elieser.santiesteban.1996@gmail.com","userId":"f3fdc084-8ed6-4f6f-8ff8-2ff206e505f2"},"type":"BATCH"}}
{"level":"info","message":"Notification created","notification":{"deliveryVia":"EMAIL","event":"New Email Received","metadata":{"content":"This is the content of the email","email":"recipient@example.com"},"type":"INSTANT"}}
{"level":"info","message":"Notification created","notification":{"deliveryVia":"EMAIL","event":"NewEmail11","metadata":{"content":"This is an email notification content.","email":"elieser.santiesteban.1996@gmail.com","userId":"f3fdc084-8ed6-4f6f-8ff8-2ff206e505f2"},"type":"BATCH"}}
{"level":"info","message":"Notification created","notification":{"deliveryVia":"EMAIL","event":"NewEmail11","metadata":{"content":"This is an email notification content.","email":"elieser.santiesteban.1996@gmail.com","userId":"f3fdc084-8ed6-4f6f-8ff8-2ff206e505f2"},"type":"BATCH"}}
{"level":"info","message":"User calvoclau44@gmail.com logged successfully"}
{"level":"info","message":"User calvoclau44@gmail.com logged successfully","user":"calvoclau44@gmail.com"}
{"level":"info","message":"User elieser.santiesteban.1996@gmail.com registered successfully","user":"elieser.santiesteban.1996@gmail.com"}
{"level":"info","message":"User elieser.santiesteban.1996@gmail.com logged successfully","user":"elieser.santiesteban.1996@gmail.com"}
{"level":"info","message":"User elieser.santiesteban.1996@gmail.com registered successfully","user":"elieser.santiesteban.1996@gmail.com"}
{"level":"info","message":"User elieser.santiesteban.1996@gmail.com logged successfully","user":"elieser.santiesteban.1996@gmail.com"}
{"level":"info","message":"Notification created","notification":{"deliveryVia":"EMAIL","event":"New Email Received","metadata":{"content":"This is the content of the email","email":"recipient@example.com"},"type":"INSTANT"}}
{"level":"info","message":"User elieser.santiesteban.1996@gmail.com logged successfully","user":"elieser.santiesteban.1996@gmail.com"}
{"level":"info","message":"Notification created","notification":{"deliveryVia":"EMAIL","event":"New Email Received","metadata":{"content":"This is the content of the email","email":"recipient@example.com"},"type":"INSTANT"}}
{"level":"info","message":"Batch notification created/added","notification":{"deliveryVia":"EMAIL","event":"NewEmail11","metadata":{"content":"This is an email notification content.","email":"elieser.santiesteban.1996@gmail.com","userId":"8e0fd43f-6288-4941-aaab-3b3f7ca5e0a2"},"type":"BATCH"}}
{"error":{"issues":[{"code":"invalid_string","message":"Invalid uuid","path":["metadata","userId"],"validation":"uuid"}],"name":"ZodError"},"level":"error","message":"Notification not created"}
{"error":{"issues":[{"code":"invalid_string","message":"Invalid uuid","path":["metadata","userId"],"validation":"uuid"}],"name":"ZodError"},"level":"error","message":"Notification not created"}
{"error":{"issues":[{"code":"invalid_string","message":"Invalid uuid","path":["metadata","userId"],"validation":"uuid"}],"name":"ZodError"},"level":"error","message":"Notification not created"}
{"error":{"issues":[{"code":"invalid_string","message":"Invalid uuid","path":["metadata","userId"],"validation":"uuid"}],"name":"ZodError"},"level":"error","message":"Notification not created"}
{"error":{"issues":[{"code":"invalid_string","message":"Invalid uuid","path":["metadata","userId"],"validation":"uuid"}],"name":"ZodError"},"level":"error","message":"Notification not created"}
{"error":{"issues":[{"code":"invalid_string","message":"Invalid uuid","path":["metadata","userId"],"validation":"uuid"}],"name":"ZodError"},"level":"error","message":"Notification not created"}
{"level":"info","message":"User elieser.santiesteban.1996@gmail.com logged successfully","user":"elieser.santiesteban.1996@gmail.com"}
{"level":"info","message":"Notification created","notification":{"deliveryVia":"EMAIL","event":"New Email Received","metadata":{"content":"This is the content of the email","email":"recipient@example.com"},"type":"INSTANT"}}
{"level":"info","message":"Batch notification created/added","notification":{"deliveryVia":"EMAIL","event":"NewEmail11","metadata":{"content":"This is an email notification content.","email":"elieser.santiesteban.1996@gmail.com","userId":"8e0fd43f-6288-4941-aaab-3b3f7ca5e0a2"},"type":"BATCH"}}
{"level":"info","message":"Notificacion por bulto creada/registrada","notification":{"deliveryVia":"EMAIL","event":"NewEmail11","metadata":{"content":"This is an email notification content.","email":"elieser.santiesteban.1996@gmail.com","userId":"8e0fd43f-6288-4941-aaab-3b3f7ca5e0a2"},"type":"BATCH"}}
{"level":"info","message":"Notificación enviada","notification":{"deliveryVia":"EMAIL","event":"New Email Received","metadata":{"content":"This is the content of the email","email":"recipient@example.com"},"type":"INSTANT"}}
{"err":{"code":"EAUTH","command":"AUTH PLAIN","response":"535-5.7.8 Username and Password not accepted. For more information, go to\n535 5.7.8  https://support.google.com/mail/?p=BadCredentials 00721157ae682-627777c0d82sm9611447b3.62 - gsmtp","responseCode":535},"level":"error","message":"Task failed"}
{"level":"info","message":"Usuario any registrado exitosamente","user":"any"}
